[debug] [2023-02-08T09:50:59.351Z] ----------------------------------------------------------------------
[debug] [2023-02-08T09:50:59.352Z] Command:       /usr/local/bin/node /usr/local/bin/firebase init
[debug] [2023-02-08T09:50:59.352Z] CLI Version:   6.12.0
[debug] [2023-02-08T09:50:59.352Z] Platform:      darwin
[debug] [2023-02-08T09:50:59.352Z] Node Version:  v19.4.0
[debug] [2023-02-08T09:50:59.352Z] Time:          Wed Feb 08 2023 15:50:59 GMT+0600 (Bangladesh Standard Time)
[debug] [2023-02-08T09:50:59.352Z] ----------------------------------------------------------------------
[debug] 
[debug] [2023-02-08T09:50:59.357Z] > command requires scopes: ["email","openid","https://www.googleapis.com/auth/cloudplatformprojects.readonly","https://www.googleapis.com/auth/firebase","https://www.googleapis.com/auth/cloud-platform"]
[debug] [2023-02-08T09:50:59.357Z] > authorizing via signed-in user
[info] 
     ######## #### ########  ######## ########     ###     ######  ########
     ##        ##  ##     ## ##       ##     ##  ##   ##  ##       ##
     ######    ##  ########  ######   ########  #########  ######  ######
     ##        ##  ##    ##  ##       ##     ## ##     ##       ## ##
     ##       #### ##     ## ######## ########  ##     ##  ######  ########

You're about to initialize a Firebase project in this directory:

  /Users/tasnimulhasanmahi/Desktop/amazon/amazon

Before we get started, keep in mind:

  * You are initializing in an existing Firebase project directory

